<?xml version="1.0" encoding="UTF-8"?>
<testng-results ignored="0" total="1" passed="1" failed="0" skipped="0">
  <reporter-output>
  </reporter-output>
  <suite started-at="2024-11-01T10:06:43 GMT-04:00" name="Default suite" finished-at="2024-11-01T10:08:14 GMT-04:00" duration-ms="90286">
    <groups>
    </groups>
    <test started-at="2024-11-01T10:06:43 GMT-04:00" name="Default test" finished-at="2024-11-01T10:08:14 GMT-04:00" duration-ms="90286">
      <class name="BusyQA.ChrisExam.MainTest">
        <test-method is-config="true" signature="beforeTest()[pri:0, instance:BusyQA.ChrisExam.MainTest@152aa092]" started-at="2024-11-01T10:06:43 GMT-04:00" name="beforeTest" finished-at="2024-11-01T10:06:49 GMT-04:00" duration-ms="5617" status="PASS">
          <reporter-output>
          </reporter-output>
        </test-method> <!-- beforeTest -->
        <test-method signature="f()[pri:0, instance:BusyQA.ChrisExam.MainTest@152aa092]" started-at="2024-11-01T10:06:49 GMT-04:00" name="f" finished-at="2024-11-01T10:08:13 GMT-04:00" duration-ms="84217" status="PASS">
          <reporter-output>
          </reporter-output>
        </test-method> <!-- f -->
        <test-method is-config="true" signature="afterTest()[pri:0, instance:BusyQA.ChrisExam.MainTest@152aa092]" started-at="2024-11-01T10:08:13 GMT-04:00" name="afterTest" finished-at="2024-11-01T10:08:14 GMT-04:00" duration-ms="416" status="PASS">
          <reporter-output>
          </reporter-output>
        </test-method> <!-- afterTest -->
      </class> <!-- BusyQA.ChrisExam.MainTest -->
    </test> <!-- Default test -->
  </suite> <!-- Default suite -->
</testng-results>
